CRITICAL - 2022-01-12 17:28:23 --> Invalid file: homme.php
#0 D:\codes\simdesem\system\View\View.php(198): CodeIgniter\Exceptions\FrameworkException::forInvalidFile('homme.php')
#1 D:\codes\simdesem\system\Common.php(1097): CodeIgniter\View\View->render('homme', Array, true)
#2 D:\codes\simdesem\app\Controllers\Home.php(20): view('homme')
#3 D:\codes\simdesem\system\CodeIgniter.php(824): App\Controllers\Home->index()
#4 D:\codes\simdesem\system\CodeIgniter.php(410): CodeIgniter\CodeIgniter->runController(Object(App\Controllers\Home))
#5 D:\codes\simdesem\system\CodeIgniter.php(318): CodeIgniter\CodeIgniter->handleRequest(NULL, Object(Config\Cache), false)
#6 D:\codes\simdesem\public\index.php(37): CodeIgniter\CodeIgniter->run()
#7 D:\codes\simdesem\system\Commands\Server\rewrite.php(43): require_once('D:\\codes\\simdes...')
#8 {main}
ERROR - 2022-01-12 17:31:39 --> Table 'pelatihan.employees' doesn't exist
CRITICAL - 2022-01-12 17:31:39 --> Table 'pelatihan.employees' doesn't exist
#0 D:\codes\simdesem\system\Database\MySQLi\Connection.php(292): mysqli->query('SELECT *\nFROM `...', 0)
#1 D:\codes\simdesem\system\Database\BaseConnection.php(670): CodeIgniter\Database\MySQLi\Connection->execute('SELECT *\nFROM `...')
#2 D:\codes\simdesem\system\Database\BaseConnection.php(598): CodeIgniter\Database\BaseConnection->simpleQuery('SELECT *\nFROM `...')
#3 D:\codes\simdesem\system\Database\BaseBuilder.php(1443): CodeIgniter\Database\BaseConnection->query('SELECT *\nFROM `...', Array, false)
#4 D:\codes\simdesem\system\Model.php(183): CodeIgniter\Database\BaseBuilder->get()
#5 D:\codes\simdesem\system\BaseModel.php(584): CodeIgniter\Model->doFindAll(0, 0)
#6 D:\codes\simdesem\app\Controllers\Employee.php(20): CodeIgniter\BaseModel->findAll()
#7 D:\codes\simdesem\system\CodeIgniter.php(824): App\Controllers\Employee->index()
#8 D:\codes\simdesem\system\CodeIgniter.php(410): CodeIgniter\CodeIgniter->runController(Object(App\Controllers\Employee))
#9 D:\codes\simdesem\system\CodeIgniter.php(318): CodeIgniter\CodeIgniter->handleRequest(NULL, Object(Config\Cache), false)
#10 D:\codes\simdesem\public\index.php(37): CodeIgniter\CodeIgniter->run()
#11 D:\codes\simdesem\system\Commands\Server\rewrite.php(43): require_once('D:\\codes\\simdes...')
#12 {main}
ERROR - 2022-01-12 17:31:56 --> Table 'pelatihan.employees' doesn't exist
CRITICAL - 2022-01-12 17:31:56 --> Table 'pelatihan.employees' doesn't exist
#0 D:\codes\simdesem\system\Database\MySQLi\Connection.php(292): mysqli->query('SELECT *\nFROM `...', 0)
#1 D:\codes\simdesem\system\Database\BaseConnection.php(670): CodeIgniter\Database\MySQLi\Connection->execute('SELECT *\nFROM `...')
#2 D:\codes\simdesem\system\Database\BaseConnection.php(598): CodeIgniter\Database\BaseConnection->simpleQuery('SELECT *\nFROM `...')
#3 D:\codes\simdesem\system\Database\BaseBuilder.php(1443): CodeIgniter\Database\BaseConnection->query('SELECT *\nFROM `...', Array, false)
#4 D:\codes\simdesem\system\Model.php(183): CodeIgniter\Database\BaseBuilder->get()
#5 D:\codes\simdesem\system\BaseModel.php(584): CodeIgniter\Model->doFindAll(0, 0)
#6 D:\codes\simdesem\app\Controllers\Employee.php(20): CodeIgniter\BaseModel->findAll()
#7 D:\codes\simdesem\system\CodeIgniter.php(824): App\Controllers\Employee->index()
#8 D:\codes\simdesem\system\CodeIgniter.php(410): CodeIgniter\CodeIgniter->runController(Object(App\Controllers\Employee))
#9 D:\codes\simdesem\system\CodeIgniter.php(318): CodeIgniter\CodeIgniter->handleRequest(NULL, Object(Config\Cache), false)
#10 D:\codes\simdesem\public\index.php(37): CodeIgniter\CodeIgniter->run()
#11 D:\codes\simdesem\system\Commands\Server\rewrite.php(43): require_once('D:\\codes\\simdes...')
#12 {main}
ERROR - 2022-01-12 17:31:58 --> Table 'pelatihan.employees' doesn't exist
CRITICAL - 2022-01-12 17:31:58 --> Table 'pelatihan.employees' doesn't exist
#0 D:\codes\simdesem\system\Database\MySQLi\Connection.php(292): mysqli->query('SELECT *\nFROM `...', 0)
#1 D:\codes\simdesem\system\Database\BaseConnection.php(670): CodeIgniter\Database\MySQLi\Connection->execute('SELECT *\nFROM `...')
#2 D:\codes\simdesem\system\Database\BaseConnection.php(598): CodeIgniter\Database\BaseConnection->simpleQuery('SELECT *\nFROM `...')
#3 D:\codes\simdesem\system\Database\BaseBuilder.php(1443): CodeIgniter\Database\BaseConnection->query('SELECT *\nFROM `...', Array, false)
#4 D:\codes\simdesem\system\Model.php(183): CodeIgniter\Database\BaseBuilder->get()
#5 D:\codes\simdesem\system\BaseModel.php(584): CodeIgniter\Model->doFindAll(0, 0)
#6 D:\codes\simdesem\app\Controllers\Employee.php(20): CodeIgniter\BaseModel->findAll()
#7 D:\codes\simdesem\system\CodeIgniter.php(824): App\Controllers\Employee->index()
#8 D:\codes\simdesem\system\CodeIgniter.php(410): CodeIgniter\CodeIgniter->runController(Object(App\Controllers\Employee))
#9 D:\codes\simdesem\system\CodeIgniter.php(318): CodeIgniter\CodeIgniter->handleRequest(NULL, Object(Config\Cache), false)
#10 D:\codes\simdesem\public\index.php(37): CodeIgniter\CodeIgniter->run()
#11 D:\codes\simdesem\system\Commands\Server\rewrite.php(43): require_once('D:\\codes\\simdes...')
#12 {main}
ERROR - 2022-01-12 17:31:58 --> Table 'pelatihan.employees' doesn't exist
CRITICAL - 2022-01-12 17:31:58 --> Table 'pelatihan.employees' doesn't exist
#0 D:\codes\simdesem\system\Database\MySQLi\Connection.php(292): mysqli->query('SELECT *\nFROM `...', 0)
#1 D:\codes\simdesem\system\Database\BaseConnection.php(670): CodeIgniter\Database\MySQLi\Connection->execute('SELECT *\nFROM `...')
#2 D:\codes\simdesem\system\Database\BaseConnection.php(598): CodeIgniter\Database\BaseConnection->simpleQuery('SELECT *\nFROM `...')
#3 D:\codes\simdesem\system\Database\BaseBuilder.php(1443): CodeIgniter\Database\BaseConnection->query('SELECT *\nFROM `...', Array, false)
#4 D:\codes\simdesem\system\Model.php(183): CodeIgniter\Database\BaseBuilder->get()
#5 D:\codes\simdesem\system\BaseModel.php(584): CodeIgniter\Model->doFindAll(0, 0)
#6 D:\codes\simdesem\app\Controllers\Employee.php(20): CodeIgniter\BaseModel->findAll()
#7 D:\codes\simdesem\system\CodeIgniter.php(824): App\Controllers\Employee->index()
#8 D:\codes\simdesem\system\CodeIgniter.php(410): CodeIgniter\CodeIgniter->runController(Object(App\Controllers\Employee))
#9 D:\codes\simdesem\system\CodeIgniter.php(318): CodeIgniter\CodeIgniter->handleRequest(NULL, Object(Config\Cache), false)
#10 D:\codes\simdesem\public\index.php(37): CodeIgniter\CodeIgniter->run()
#11 D:\codes\simdesem\system\Commands\Server\rewrite.php(43): require_once('D:\\codes\\simdes...')
#12 {main}
ERROR - 2022-01-12 17:31:59 --> Table 'pelatihan.employees' doesn't exist
CRITICAL - 2022-01-12 17:31:59 --> Table 'pelatihan.employees' doesn't exist
#0 D:\codes\simdesem\system\Database\MySQLi\Connection.php(292): mysqli->query('SELECT *\nFROM `...', 0)
#1 D:\codes\simdesem\system\Database\BaseConnection.php(670): CodeIgniter\Database\MySQLi\Connection->execute('SELECT *\nFROM `...')
#2 D:\codes\simdesem\system\Database\BaseConnection.php(598): CodeIgniter\Database\BaseConnection->simpleQuery('SELECT *\nFROM `...')
#3 D:\codes\simdesem\system\Database\BaseBuilder.php(1443): CodeIgniter\Database\BaseConnection->query('SELECT *\nFROM `...', Array, false)
#4 D:\codes\simdesem\system\Model.php(183): CodeIgniter\Database\BaseBuilder->get()
#5 D:\codes\simdesem\system\BaseModel.php(584): CodeIgniter\Model->doFindAll(0, 0)
#6 D:\codes\simdesem\app\Controllers\Employee.php(20): CodeIgniter\BaseModel->findAll()
#7 D:\codes\simdesem\system\CodeIgniter.php(824): App\Controllers\Employee->index()
#8 D:\codes\simdesem\system\CodeIgniter.php(410): CodeIgniter\CodeIgniter->runController(Object(App\Controllers\Employee))
#9 D:\codes\simdesem\system\CodeIgniter.php(318): CodeIgniter\CodeIgniter->handleRequest(NULL, Object(Config\Cache), false)
#10 D:\codes\simdesem\public\index.php(37): CodeIgniter\CodeIgniter->run()
#11 D:\codes\simdesem\system\Commands\Server\rewrite.php(43): require_once('D:\\codes\\simdes...')
#12 {main}
ERROR - 2022-01-12 17:31:59 --> Table 'pelatihan.employees' doesn't exist
CRITICAL - 2022-01-12 17:31:59 --> Table 'pelatihan.employees' doesn't exist
#0 D:\codes\simdesem\system\Database\MySQLi\Connection.php(292): mysqli->query('SELECT *\nFROM `...', 0)
#1 D:\codes\simdesem\system\Database\BaseConnection.php(670): CodeIgniter\Database\MySQLi\Connection->execute('SELECT *\nFROM `...')
#2 D:\codes\simdesem\system\Database\BaseConnection.php(598): CodeIgniter\Database\BaseConnection->simpleQuery('SELECT *\nFROM `...')
#3 D:\codes\simdesem\system\Database\BaseBuilder.php(1443): CodeIgniter\Database\BaseConnection->query('SELECT *\nFROM `...', Array, false)
#4 D:\codes\simdesem\system\Model.php(183): CodeIgniter\Database\BaseBuilder->get()
#5 D:\codes\simdesem\system\BaseModel.php(584): CodeIgniter\Model->doFindAll(0, 0)
#6 D:\codes\simdesem\app\Controllers\Employee.php(20): CodeIgniter\BaseModel->findAll()
#7 D:\codes\simdesem\system\CodeIgniter.php(824): App\Controllers\Employee->index()
#8 D:\codes\simdesem\system\CodeIgniter.php(410): CodeIgniter\CodeIgniter->runController(Object(App\Controllers\Employee))
#9 D:\codes\simdesem\system\CodeIgniter.php(318): CodeIgniter\CodeIgniter->handleRequest(NULL, Object(Config\Cache), false)
#10 D:\codes\simdesem\public\index.php(37): CodeIgniter\CodeIgniter->run()
#11 D:\codes\simdesem\system\Commands\Server\rewrite.php(43): require_once('D:\\codes\\simdes...')
#12 {main}
ERROR - 2022-01-12 17:32:00 --> Table 'pelatihan.employees' doesn't exist
CRITICAL - 2022-01-12 17:32:00 --> Table 'pelatihan.employees' doesn't exist
#0 D:\codes\simdesem\system\Database\MySQLi\Connection.php(292): mysqli->query('SELECT *\nFROM `...', 0)
#1 D:\codes\simdesem\system\Database\BaseConnection.php(670): CodeIgniter\Database\MySQLi\Connection->execute('SELECT *\nFROM `...')
#2 D:\codes\simdesem\system\Database\BaseConnection.php(598): CodeIgniter\Database\BaseConnection->simpleQuery('SELECT *\nFROM `...')
#3 D:\codes\simdesem\system\Database\BaseBuilder.php(1443): CodeIgniter\Database\BaseConnection->query('SELECT *\nFROM `...', Array, false)
#4 D:\codes\simdesem\system\Model.php(183): CodeIgniter\Database\BaseBuilder->get()
#5 D:\codes\simdesem\system\BaseModel.php(584): CodeIgniter\Model->doFindAll(0, 0)
#6 D:\codes\simdesem\app\Controllers\Employee.php(20): CodeIgniter\BaseModel->findAll()
#7 D:\codes\simdesem\system\CodeIgniter.php(824): App\Controllers\Employee->index()
#8 D:\codes\simdesem\system\CodeIgniter.php(410): CodeIgniter\CodeIgniter->runController(Object(App\Controllers\Employee))
#9 D:\codes\simdesem\system\CodeIgniter.php(318): CodeIgniter\CodeIgniter->handleRequest(NULL, Object(Config\Cache), false)
#10 D:\codes\simdesem\public\index.php(37): CodeIgniter\CodeIgniter->run()
#11 D:\codes\simdesem\system\Commands\Server\rewrite.php(43): require_once('D:\\codes\\simdes...')
#12 {main}
ERROR - 2022-01-12 17:32:25 --> Unknown column 'name' in 'order clause'
CRITICAL - 2022-01-12 17:32:25 --> Unknown column 'name' in 'order clause'
#0 D:\codes\simdesem\system\Database\MySQLi\Connection.php(292): mysqli->query('SELECT *\nFROM `...', 0)
#1 D:\codes\simdesem\system\Database\BaseConnection.php(670): CodeIgniter\Database\MySQLi\Connection->execute('SELECT *\nFROM `...')
#2 D:\codes\simdesem\system\Database\BaseConnection.php(598): CodeIgniter\Database\BaseConnection->simpleQuery('SELECT *\nFROM `...')
#3 D:\codes\simdesem\system\Database\BaseBuilder.php(1443): CodeIgniter\Database\BaseConnection->query('SELECT *\nFROM `...', Array, false)
#4 D:\codes\simdesem\system\Model.php(183): CodeIgniter\Database\BaseBuilder->get()
#5 D:\codes\simdesem\system\BaseModel.php(584): CodeIgniter\Model->doFindAll(0, 0)
#6 D:\codes\simdesem\app\Controllers\Employee.php(20): CodeIgniter\BaseModel->findAll()
#7 D:\codes\simdesem\system\CodeIgniter.php(824): App\Controllers\Employee->index()
#8 D:\codes\simdesem\system\CodeIgniter.php(410): CodeIgniter\CodeIgniter->runController(Object(App\Controllers\Employee))
#9 D:\codes\simdesem\system\CodeIgniter.php(318): CodeIgniter\CodeIgniter->handleRequest(NULL, Object(Config\Cache), false)
#10 D:\codes\simdesem\public\index.php(37): CodeIgniter\CodeIgniter->run()
#11 D:\codes\simdesem\system\Commands\Server\rewrite.php(43): require_once('D:\\codes\\simdes...')
#12 {main}
CRITICAL - 2022-01-12 17:42:23 --> Call to undefined function baseurl()
#0 D:\codes\simdesem\system\View\View.php(214): include()
#1 D:\codes\simdesem\system\View\View.php(217): CodeIgniter\View\View->CodeIgniter\View\{closure}()
#2 D:\codes\simdesem\system\Common.php(1097): CodeIgniter\View\View->render('home', Array, true)
#3 D:\codes\simdesem\app\Controllers\Home.php(20): view('home')
#4 D:\codes\simdesem\system\CodeIgniter.php(824): App\Controllers\Home->index()
#5 D:\codes\simdesem\system\CodeIgniter.php(410): CodeIgniter\CodeIgniter->runController(Object(App\Controllers\Home))
#6 D:\codes\simdesem\system\CodeIgniter.php(318): CodeIgniter\CodeIgniter->handleRequest(NULL, Object(Config\Cache), false)
#7 D:\codes\simdesem\public\index.php(37): CodeIgniter\CodeIgniter->run()
#8 D:\codes\simdesem\system\Commands\Server\rewrite.php(43): require_once('D:\\codes\\simdes...')
#9 {main}
CRITICAL - 2022-01-12 17:42:59 --> Call to undefined function baseurl()
#0 D:\codes\simdesem\system\View\View.php(214): include()
#1 D:\codes\simdesem\system\View\View.php(217): CodeIgniter\View\View->CodeIgniter\View\{closure}()
#2 D:\codes\simdesem\system\Common.php(1097): CodeIgniter\View\View->render('home', Array, true)
#3 D:\codes\simdesem\app\Controllers\Home.php(20): view('home')
#4 D:\codes\simdesem\system\CodeIgniter.php(824): App\Controllers\Home->index()
#5 D:\codes\simdesem\system\CodeIgniter.php(410): CodeIgniter\CodeIgniter->runController(Object(App\Controllers\Home))
#6 D:\codes\simdesem\system\CodeIgniter.php(318): CodeIgniter\CodeIgniter->handleRequest(NULL, Object(Config\Cache), false)
#7 D:\codes\simdesem\public\index.php(37): CodeIgniter\CodeIgniter->run()
#8 D:\codes\simdesem\system\Commands\Server\rewrite.php(43): require_once('D:\\codes\\simdes...')
#9 {main}
