ERROR - 2022-01-07 10:06:12 --> Error connecting to the database: No connection could be made because the target machine actively refused it
CRITICAL - 2022-01-07 10:06:12 --> Unable to connect to the database.
Main connection [MySQLi]: No connection could be made because the target machine actively refused it
#0 C:\Users\aji\Desktop\platihan\simdesem\system\Database\BaseConnection.php(577): CodeIgniter\Database\BaseConnection->initialize()
#1 C:\Users\aji\Desktop\platihan\simdesem\system\Database\BaseBuilder.php(1443): CodeIgniter\Database\BaseConnection->query('SELECT *\nFROM `...', Array, false)
#2 C:\Users\aji\Desktop\platihan\simdesem\system\Model.php(210): CodeIgniter\Database\BaseBuilder->get()
#3 C:\Users\aji\Desktop\platihan\simdesem\system\BaseModel.php(622): CodeIgniter\Model->doFirst()
#4 C:\Users\aji\Desktop\platihan\simdesem\app\Controllers\Home.php(18): CodeIgniter\BaseModel->first()
#5 C:\Users\aji\Desktop\platihan\simdesem\system\CodeIgniter.php(824): App\Controllers\Home->index()
#6 C:\Users\aji\Desktop\platihan\simdesem\system\CodeIgniter.php(410): CodeIgniter\CodeIgniter->runController(Object(App\Controllers\Home))
#7 C:\Users\aji\Desktop\platihan\simdesem\system\CodeIgniter.php(318): CodeIgniter\CodeIgniter->handleRequest(NULL, Object(Config\Cache), false)
#8 C:\Users\aji\Desktop\platihan\simdesem\public\index.php(37): CodeIgniter\CodeIgniter->run()
#9 C:\Users\aji\Desktop\platihan\simdesem\system\Commands\Server\rewrite.php(43): require_once('C:\\Users\\aji\\De...')
#10 {main}
ERROR - 2022-01-07 10:06:19 --> Error connecting to the database: No connection could be made because the target machine actively refused it
CRITICAL - 2022-01-07 10:06:19 --> Unable to connect to the database.
Main connection [MySQLi]: No connection could be made because the target machine actively refused it
#0 C:\Users\aji\Desktop\platihan\simdesem\system\Database\BaseConnection.php(577): CodeIgniter\Database\BaseConnection->initialize()
#1 C:\Users\aji\Desktop\platihan\simdesem\system\Database\BaseBuilder.php(1443): CodeIgniter\Database\BaseConnection->query('SELECT *\nFROM `...', Array, false)
#2 C:\Users\aji\Desktop\platihan\simdesem\system\Model.php(210): CodeIgniter\Database\BaseBuilder->get()
#3 C:\Users\aji\Desktop\platihan\simdesem\system\BaseModel.php(622): CodeIgniter\Model->doFirst()
#4 C:\Users\aji\Desktop\platihan\simdesem\app\Controllers\Home.php(18): CodeIgniter\BaseModel->first()
#5 C:\Users\aji\Desktop\platihan\simdesem\system\CodeIgniter.php(824): App\Controllers\Home->index()
#6 C:\Users\aji\Desktop\platihan\simdesem\system\CodeIgniter.php(410): CodeIgniter\CodeIgniter->runController(Object(App\Controllers\Home))
#7 C:\Users\aji\Desktop\platihan\simdesem\system\CodeIgniter.php(318): CodeIgniter\CodeIgniter->handleRequest(NULL, Object(Config\Cache), false)
#8 C:\Users\aji\Desktop\platihan\simdesem\public\index.php(37): CodeIgniter\CodeIgniter->run()
#9 C:\Users\aji\Desktop\platihan\simdesem\system\Commands\Server\rewrite.php(43): require_once('C:\\Users\\aji\\De...')
#10 {main}
