ERROR - 2021-12-06 00:15:58 --> Unknown column 'nama' in 'order clause'
CRITICAL - 2021-12-06 00:15:58 --> Unknown column 'nama' in 'order clause'
#0 C:\Users\aji\Desktop\platihan\simdesem\system\Database\MySQLi\Connection.php(292): mysqli->query('SELECT *\nFROM `...', 0)
#1 C:\Users\aji\Desktop\platihan\simdesem\system\Database\BaseConnection.php(670): CodeIgniter\Database\MySQLi\Connection->execute('SELECT *\nFROM `...')
#2 C:\Users\aji\Desktop\platihan\simdesem\system\Database\BaseConnection.php(598): CodeIgniter\Database\BaseConnection->simpleQuery('SELECT *\nFROM `...')
#3 C:\Users\aji\Desktop\platihan\simdesem\system\Database\BaseBuilder.php(1443): CodeIgniter\Database\BaseConnection->query('SELECT *\nFROM `...', Array, false)
#4 C:\Users\aji\Desktop\platihan\simdesem\system\Model.php(183): CodeIgniter\Database\BaseBuilder->get()
#5 C:\Users\aji\Desktop\platihan\simdesem\system\BaseModel.php(584): CodeIgniter\Model->doFindAll(0, 0)
#6 C:\Users\aji\Desktop\platihan\simdesem\app\Controllers\Employee.php(20): CodeIgniter\BaseModel->findAll()
#7 C:\Users\aji\Desktop\platihan\simdesem\system\CodeIgniter.php(824): App\Controllers\Employee->index()
#8 C:\Users\aji\Desktop\platihan\simdesem\system\CodeIgniter.php(410): CodeIgniter\CodeIgniter->runController(Object(App\Controllers\Employee))
#9 C:\Users\aji\Desktop\platihan\simdesem\system\CodeIgniter.php(318): CodeIgniter\CodeIgniter->handleRequest(NULL, Object(Config\Cache), false)
#10 C:\Users\aji\Desktop\platihan\simdesem\public\index.php(37): CodeIgniter\CodeIgniter->run()
#11 C:\Users\aji\Desktop\platihan\simdesem\system\Commands\Server\rewrite.php(43): require_once('C:\\Users\\aji\\De...')
#12 {main}
CRITICAL - 2021-12-06 00:16:27 --> Undefined array key "name"
#0 C:\Users\aji\Desktop\platihan\simdesem\app\Controllers\Employee.php(21): CodeIgniter\Debug\Exceptions->errorHandler(2, 'Undefined array...', 'C:\\Users\\aji\\De...', 21)
#1 C:\Users\aji\Desktop\platihan\simdesem\system\CodeIgniter.php(824): App\Controllers\Employee->index()
#2 C:\Users\aji\Desktop\platihan\simdesem\system\CodeIgniter.php(410): CodeIgniter\CodeIgniter->runController(Object(App\Controllers\Employee))
#3 C:\Users\aji\Desktop\platihan\simdesem\system\CodeIgniter.php(318): CodeIgniter\CodeIgniter->handleRequest(NULL, Object(Config\Cache), false)
#4 C:\Users\aji\Desktop\platihan\simdesem\public\index.php(37): CodeIgniter\CodeIgniter->run()
#5 C:\Users\aji\Desktop\platihan\simdesem\system\Commands\Server\rewrite.php(43): require_once('C:\\Users\\aji\\De...')
#6 {main}
CRITICAL - 2021-12-06 00:33:29 --> There is no data to update.
#0 C:\Users\aji\Desktop\platihan\simdesem\system\BaseModel.php(846): CodeIgniter\Database\Exceptions\DataException::forEmptyDataset('update')
#1 C:\Users\aji\Desktop\platihan\simdesem\system\Model.php(646): CodeIgniter\BaseModel->update(Array, Array)
#2 C:\Users\aji\Desktop\platihan\simdesem\system\BaseModel.php(656): CodeIgniter\Model->update('8', Array)
#3 C:\Users\aji\Desktop\platihan\simdesem\app\Controllers\Employee.php(69): CodeIgniter\BaseModel->save(Array)
#4 C:\Users\aji\Desktop\platihan\simdesem\system\CodeIgniter.php(824): App\Controllers\Employee->update('8')
#5 C:\Users\aji\Desktop\platihan\simdesem\system\CodeIgniter.php(410): CodeIgniter\CodeIgniter->runController(Object(App\Controllers\Employee))
#6 C:\Users\aji\Desktop\platihan\simdesem\system\CodeIgniter.php(318): CodeIgniter\CodeIgniter->handleRequest(NULL, Object(Config\Cache), false)
#7 C:\Users\aji\Desktop\platihan\simdesem\public\index.php(37): CodeIgniter\CodeIgniter->run()
#8 C:\Users\aji\Desktop\platihan\simdesem\system\Commands\Server\rewrite.php(43): require_once('C:\\Users\\aji\\De...')
#9 {main}
CRITICAL - 2021-12-06 00:34:30 --> There is no data to update.
#0 C:\Users\aji\Desktop\platihan\simdesem\system\BaseModel.php(846): CodeIgniter\Database\Exceptions\DataException::forEmptyDataset('update')
#1 C:\Users\aji\Desktop\platihan\simdesem\system\Model.php(646): CodeIgniter\BaseModel->update(Array, Array)
#2 C:\Users\aji\Desktop\platihan\simdesem\system\BaseModel.php(656): CodeIgniter\Model->update('8', Array)
#3 C:\Users\aji\Desktop\platihan\simdesem\app\Controllers\Employee.php(69): CodeIgniter\BaseModel->save(Array)
#4 C:\Users\aji\Desktop\platihan\simdesem\system\CodeIgniter.php(824): App\Controllers\Employee->update('8')
#5 C:\Users\aji\Desktop\platihan\simdesem\system\CodeIgniter.php(410): CodeIgniter\CodeIgniter->runController(Object(App\Controllers\Employee))
#6 C:\Users\aji\Desktop\platihan\simdesem\system\CodeIgniter.php(318): CodeIgniter\CodeIgniter->handleRequest(NULL, Object(Config\Cache), false)
#7 C:\Users\aji\Desktop\platihan\simdesem\public\index.php(37): CodeIgniter\CodeIgniter->run()
#8 C:\Users\aji\Desktop\platihan\simdesem\system\Commands\Server\rewrite.php(43): require_once('C:\\Users\\aji\\De...')
#9 {main}
