CRITICAL - 2021-12-05 21:46:00 --> CodeIgniter\Router\RouteCollection::resource(): Argument #2 ($options) must be of type ?array, string given, called in C:\Users\aji\Desktop\platihan\simdesem\app\Config\Routes.php on line 35
#0 C:\Users\aji\Desktop\platihan\simdesem\app\Config\Routes.php(35): CodeIgniter\Router\RouteCollection->resource('/employee', 'Employee::index')
#1 C:\Users\aji\Desktop\platihan\simdesem\system\CodeIgniter.php(705): require('C:\\Users\\aji\\De...')
#2 C:\Users\aji\Desktop\platihan\simdesem\system\CodeIgniter.php(359): CodeIgniter\CodeIgniter->tryToRouteIt(Object(CodeIgniter\Router\RouteCollection))
#3 C:\Users\aji\Desktop\platihan\simdesem\system\CodeIgniter.php(318): CodeIgniter\CodeIgniter->handleRequest(NULL, Object(Config\Cache), false)
#4 C:\Users\aji\Desktop\platihan\simdesem\public\index.php(37): CodeIgniter\CodeIgniter->run()
#5 C:\Users\aji\Desktop\platihan\simdesem\system\Commands\Server\rewrite.php(43): require_once('C:\\Users\\aji\\De...')
#6 {main}
CRITICAL - 2021-12-05 23:35:37 --> CodeIgniter\Router\RouteCollection::resource(): Argument #2 ($options) must be of type ?array, string given, called in C:\Users\aji\Desktop\platihan\simdesem\app\Config\Routes.php on line 35
#0 C:\Users\aji\Desktop\platihan\simdesem\app\Config\Routes.php(35): CodeIgniter\Router\RouteCollection->resource('/employee', 'Employee::index')
#1 C:\Users\aji\Desktop\platihan\simdesem\system\CodeIgniter.php(705): require('C:\\Users\\aji\\De...')
#2 C:\Users\aji\Desktop\platihan\simdesem\system\CodeIgniter.php(359): CodeIgniter\CodeIgniter->tryToRouteIt(Object(CodeIgniter\Router\RouteCollection))
#3 C:\Users\aji\Desktop\platihan\simdesem\system\CodeIgniter.php(318): CodeIgniter\CodeIgniter->handleRequest(NULL, Object(Config\Cache), false)
#4 C:\Users\aji\Desktop\platihan\simdesem\system\CLI\Console.php(48): CodeIgniter\CodeIgniter->run()
#5 C:\Users\aji\Desktop\platihan\simdesem\spark(63): CodeIgniter\CLI\Console->run()
#6 {main}
CRITICAL - 2021-12-05 23:36:44 --> CodeIgniter\Router\RouteCollection::resource(): Argument #2 ($options) must be of type ?array, string given, called in C:\Users\aji\Desktop\platihan\simdesem\app\Config\Routes.php on line 35
#0 C:\Users\aji\Desktop\platihan\simdesem\app\Config\Routes.php(35): CodeIgniter\Router\RouteCollection->resource('/employee', 'Employee::index')
#1 C:\Users\aji\Desktop\platihan\simdesem\system\CodeIgniter.php(705): require('C:\\Users\\aji\\De...')
#2 C:\Users\aji\Desktop\platihan\simdesem\system\CodeIgniter.php(359): CodeIgniter\CodeIgniter->tryToRouteIt(Object(CodeIgniter\Router\RouteCollection))
#3 C:\Users\aji\Desktop\platihan\simdesem\system\CodeIgniter.php(318): CodeIgniter\CodeIgniter->handleRequest(NULL, Object(Config\Cache), false)
#4 C:\Users\aji\Desktop\platihan\simdesem\system\CLI\Console.php(48): CodeIgniter\CodeIgniter->run()
#5 C:\Users\aji\Desktop\platihan\simdesem\spark(63): CodeIgniter\CLI\Console->run()
#6 {main}
ERROR - 2021-12-05 23:37:25 --> Table 'pelatihan.employee' doesn't exist
CRITICAL - 2021-12-05 23:37:25 --> Table 'pelatihan.employee' doesn't exist
#0 C:\Users\aji\Desktop\platihan\simdesem\system\Database\MySQLi\Connection.php(292): mysqli->query('SELECT COUNT(*)...', 0)
#1 C:\Users\aji\Desktop\platihan\simdesem\system\Database\BaseConnection.php(670): CodeIgniter\Database\MySQLi\Connection->execute('SELECT COUNT(*)...')
#2 C:\Users\aji\Desktop\platihan\simdesem\system\Database\BaseConnection.php(598): CodeIgniter\Database\BaseConnection->simpleQuery('SELECT COUNT(*)...')
#3 C:\Users\aji\Desktop\platihan\simdesem\system\Database\BaseBuilder.php(1527): CodeIgniter\Database\BaseConnection->query('SELECT COUNT(*)...', Array, false)
#4 C:\Users\aji\Desktop\platihan\simdesem\system\Model.php(509): CodeIgniter\Database\BaseBuilder->countAllResults(true)
#5 C:\Users\aji\Desktop\platihan\simdesem\system\Model.php(592): CodeIgniter\Model->countAllResults()
#6 C:\Users\aji\Desktop\platihan\simdesem\system\BaseModel.php(655): CodeIgniter\Model->shouldUpdate(Array)
#7 C:\Users\aji\Desktop\platihan\simdesem\app\Controllers\Employee.php(24): CodeIgniter\BaseModel->save(Array)
#8 C:\Users\aji\Desktop\platihan\simdesem\system\CodeIgniter.php(824): App\Controllers\Employee->index()
#9 C:\Users\aji\Desktop\platihan\simdesem\system\CodeIgniter.php(410): CodeIgniter\CodeIgniter->runController(Object(App\Controllers\Employee))
#10 C:\Users\aji\Desktop\platihan\simdesem\system\CodeIgniter.php(318): CodeIgniter\CodeIgniter->handleRequest(NULL, Object(Config\Cache), false)
#11 C:\Users\aji\Desktop\platihan\simdesem\public\index.php(37): CodeIgniter\CodeIgniter->run()
#12 C:\Users\aji\Desktop\platihan\simdesem\system\Commands\Server\rewrite.php(43): require_once('C:\\Users\\aji\\De...')
#13 {main}
ERROR - 2021-12-05 23:40:27 --> Table 'pelatihan.employee' doesn't exist
CRITICAL - 2021-12-05 23:40:27 --> Table 'pelatihan.employee' doesn't exist
#0 C:\Users\aji\Desktop\platihan\simdesem\system\Database\MySQLi\Connection.php(292): mysqli->query('SELECT COUNT(*)...', 0)
#1 C:\Users\aji\Desktop\platihan\simdesem\system\Database\BaseConnection.php(670): CodeIgniter\Database\MySQLi\Connection->execute('SELECT COUNT(*)...')
#2 C:\Users\aji\Desktop\platihan\simdesem\system\Database\BaseConnection.php(598): CodeIgniter\Database\BaseConnection->simpleQuery('SELECT COUNT(*)...')
#3 C:\Users\aji\Desktop\platihan\simdesem\system\Database\BaseBuilder.php(1527): CodeIgniter\Database\BaseConnection->query('SELECT COUNT(*)...', Array, false)
#4 C:\Users\aji\Desktop\platihan\simdesem\system\Model.php(509): CodeIgniter\Database\BaseBuilder->countAllResults(true)
#5 C:\Users\aji\Desktop\platihan\simdesem\system\Model.php(592): CodeIgniter\Model->countAllResults()
#6 C:\Users\aji\Desktop\platihan\simdesem\system\BaseModel.php(655): CodeIgniter\Model->shouldUpdate(Array)
#7 C:\Users\aji\Desktop\platihan\simdesem\app\Controllers\Employee.php(24): CodeIgniter\BaseModel->save(Array)
#8 C:\Users\aji\Desktop\platihan\simdesem\system\CodeIgniter.php(824): App\Controllers\Employee->index()
#9 C:\Users\aji\Desktop\platihan\simdesem\system\CodeIgniter.php(410): CodeIgniter\CodeIgniter->runController(Object(App\Controllers\Employee))
#10 C:\Users\aji\Desktop\platihan\simdesem\system\CodeIgniter.php(318): CodeIgniter\CodeIgniter->handleRequest(NULL, Object(Config\Cache), false)
#11 C:\Users\aji\Desktop\platihan\simdesem\public\index.php(37): CodeIgniter\CodeIgniter->run()
#12 C:\Users\aji\Desktop\platihan\simdesem\system\Commands\Server\rewrite.php(43): require_once('C:\\Users\\aji\\De...')
#13 {main}
ERROR - 2021-12-05 23:40:52 --> Table 'pelatihan.employee' doesn't exist
CRITICAL - 2021-12-05 23:40:52 --> Table 'pelatihan.employee' doesn't exist
#0 C:\Users\aji\Desktop\platihan\simdesem\system\Database\MySQLi\Connection.php(292): mysqli->query('SELECT COUNT(*)...', 0)
#1 C:\Users\aji\Desktop\platihan\simdesem\system\Database\BaseConnection.php(670): CodeIgniter\Database\MySQLi\Connection->execute('SELECT COUNT(*)...')
#2 C:\Users\aji\Desktop\platihan\simdesem\system\Database\BaseConnection.php(598): CodeIgniter\Database\BaseConnection->simpleQuery('SELECT COUNT(*)...')
#3 C:\Users\aji\Desktop\platihan\simdesem\system\Database\BaseBuilder.php(1527): CodeIgniter\Database\BaseConnection->query('SELECT COUNT(*)...', Array, false)
#4 C:\Users\aji\Desktop\platihan\simdesem\system\Model.php(509): CodeIgniter\Database\BaseBuilder->countAllResults(true)
#5 C:\Users\aji\Desktop\platihan\simdesem\system\Model.php(592): CodeIgniter\Model->countAllResults()
#6 C:\Users\aji\Desktop\platihan\simdesem\system\BaseModel.php(655): CodeIgniter\Model->shouldUpdate(Array)
#7 C:\Users\aji\Desktop\platihan\simdesem\app\Controllers\Employee.php(24): CodeIgniter\BaseModel->save(Array)
#8 C:\Users\aji\Desktop\platihan\simdesem\system\CodeIgniter.php(824): App\Controllers\Employee->index()
#9 C:\Users\aji\Desktop\platihan\simdesem\system\CodeIgniter.php(410): CodeIgniter\CodeIgniter->runController(Object(App\Controllers\Employee))
#10 C:\Users\aji\Desktop\platihan\simdesem\system\CodeIgniter.php(318): CodeIgniter\CodeIgniter->handleRequest(NULL, Object(Config\Cache), false)
#11 C:\Users\aji\Desktop\platihan\simdesem\public\index.php(37): CodeIgniter\CodeIgniter->run()
#12 C:\Users\aji\Desktop\platihan\simdesem\system\Commands\Server\rewrite.php(43): require_once('C:\\Users\\aji\\De...')
#13 {main}
ERROR - 2021-12-05 23:41:35 --> Table 'pelatihan.employee' doesn't exist
CRITICAL - 2021-12-05 23:41:35 --> Table 'pelatihan.employee' doesn't exist
#0 C:\Users\aji\Desktop\platihan\simdesem\system\Database\MySQLi\Connection.php(292): mysqli->query('SELECT COUNT(*)...', 0)
#1 C:\Users\aji\Desktop\platihan\simdesem\system\Database\BaseConnection.php(670): CodeIgniter\Database\MySQLi\Connection->execute('SELECT COUNT(*)...')
#2 C:\Users\aji\Desktop\platihan\simdesem\system\Database\BaseConnection.php(598): CodeIgniter\Database\BaseConnection->simpleQuery('SELECT COUNT(*)...')
#3 C:\Users\aji\Desktop\platihan\simdesem\system\Database\BaseBuilder.php(1527): CodeIgniter\Database\BaseConnection->query('SELECT COUNT(*)...', Array, false)
#4 C:\Users\aji\Desktop\platihan\simdesem\system\Model.php(509): CodeIgniter\Database\BaseBuilder->countAllResults(true)
#5 C:\Users\aji\Desktop\platihan\simdesem\system\Model.php(592): CodeIgniter\Model->countAllResults()
#6 C:\Users\aji\Desktop\platihan\simdesem\system\BaseModel.php(655): CodeIgniter\Model->shouldUpdate(Array)
#7 C:\Users\aji\Desktop\platihan\simdesem\app\Controllers\Employee.php(24): CodeIgniter\BaseModel->save(Array)
#8 C:\Users\aji\Desktop\platihan\simdesem\system\CodeIgniter.php(824): App\Controllers\Employee->index()
#9 C:\Users\aji\Desktop\platihan\simdesem\system\CodeIgniter.php(410): CodeIgniter\CodeIgniter->runController(Object(App\Controllers\Employee))
#10 C:\Users\aji\Desktop\platihan\simdesem\system\CodeIgniter.php(318): CodeIgniter\CodeIgniter->handleRequest(NULL, Object(Config\Cache), false)
#11 C:\Users\aji\Desktop\platihan\simdesem\public\index.php(37): CodeIgniter\CodeIgniter->run()
#12 C:\Users\aji\Desktop\platihan\simdesem\system\Commands\Server\rewrite.php(43): require_once('C:\\Users\\aji\\De...')
#13 {main}
ERROR - 2021-12-05 23:46:10 --> Unknown column 'nama' in 'field list'
CRITICAL - 2021-12-05 23:46:10 --> Unknown column 'nama' in 'field list'
#0 C:\Users\aji\Desktop\platihan\simdesem\system\Database\MySQLi\Connection.php(292): mysqli->query('INSERT INTO `em...', 0)
#1 C:\Users\aji\Desktop\platihan\simdesem\system\Database\BaseConnection.php(670): CodeIgniter\Database\MySQLi\Connection->execute('INSERT INTO `em...')
#2 C:\Users\aji\Desktop\platihan\simdesem\system\Database\BaseConnection.php(598): CodeIgniter\Database\BaseConnection->simpleQuery('INSERT INTO `em...')
#3 C:\Users\aji\Desktop\platihan\simdesem\system\Database\BaseBuilder.php(1759): CodeIgniter\Database\BaseConnection->query('INSERT INTO `em...', Array, false)
#4 C:\Users\aji\Desktop\platihan\simdesem\system\Model.php(239): CodeIgniter\Database\BaseBuilder->insert()
#5 C:\Users\aji\Desktop\platihan\simdesem\system\BaseModel.php(738): CodeIgniter\Model->doInsert(Array)
#6 C:\Users\aji\Desktop\platihan\simdesem\system\Model.php(620): CodeIgniter\BaseModel->insert(Array, false)
#7 C:\Users\aji\Desktop\platihan\simdesem\system\BaseModel.php(658): CodeIgniter\Model->insert(Array, false)
#8 C:\Users\aji\Desktop\platihan\simdesem\app\Controllers\Employee.php(24): CodeIgniter\BaseModel->save(Array)
#9 C:\Users\aji\Desktop\platihan\simdesem\system\CodeIgniter.php(824): App\Controllers\Employee->index()
#10 C:\Users\aji\Desktop\platihan\simdesem\system\CodeIgniter.php(410): CodeIgniter\CodeIgniter->runController(Object(App\Controllers\Employee))
#11 C:\Users\aji\Desktop\platihan\simdesem\system\CodeIgniter.php(318): CodeIgniter\CodeIgniter->handleRequest(NULL, Object(Config\Cache), false)
#12 C:\Users\aji\Desktop\platihan\simdesem\public\index.php(37): CodeIgniter\CodeIgniter->run()
#13 C:\Users\aji\Desktop\platihan\simdesem\system\Commands\Server\rewrite.php(43): require_once('C:\\Users\\aji\\De...')
#14 {main}
ERROR - 2021-12-05 23:48:13 --> Unknown column 'nama' in 'field list'
CRITICAL - 2021-12-05 23:48:13 --> Unknown column 'nama' in 'field list'
#0 C:\Users\aji\Desktop\platihan\simdesem\system\Database\MySQLi\Connection.php(292): mysqli->query('INSERT INTO `em...', 0)
#1 C:\Users\aji\Desktop\platihan\simdesem\system\Database\BaseConnection.php(670): CodeIgniter\Database\MySQLi\Connection->execute('INSERT INTO `em...')
#2 C:\Users\aji\Desktop\platihan\simdesem\system\Database\BaseConnection.php(598): CodeIgniter\Database\BaseConnection->simpleQuery('INSERT INTO `em...')
#3 C:\Users\aji\Desktop\platihan\simdesem\system\Database\BaseBuilder.php(1759): CodeIgniter\Database\BaseConnection->query('INSERT INTO `em...', Array, false)
#4 C:\Users\aji\Desktop\platihan\simdesem\system\Model.php(239): CodeIgniter\Database\BaseBuilder->insert()
#5 C:\Users\aji\Desktop\platihan\simdesem\system\BaseModel.php(738): CodeIgniter\Model->doInsert(Array)
#6 C:\Users\aji\Desktop\platihan\simdesem\system\Model.php(620): CodeIgniter\BaseModel->insert(Array, false)
#7 C:\Users\aji\Desktop\platihan\simdesem\system\BaseModel.php(658): CodeIgniter\Model->insert(Array, false)
#8 C:\Users\aji\Desktop\platihan\simdesem\app\Controllers\Employee.php(24): CodeIgniter\BaseModel->save(Array)
#9 C:\Users\aji\Desktop\platihan\simdesem\system\CodeIgniter.php(824): App\Controllers\Employee->create()
#10 C:\Users\aji\Desktop\platihan\simdesem\system\CodeIgniter.php(410): CodeIgniter\CodeIgniter->runController(Object(App\Controllers\Employee))
#11 C:\Users\aji\Desktop\platihan\simdesem\system\CodeIgniter.php(318): CodeIgniter\CodeIgniter->handleRequest(NULL, Object(Config\Cache), false)
#12 C:\Users\aji\Desktop\platihan\simdesem\public\index.php(37): CodeIgniter\CodeIgniter->run()
#13 C:\Users\aji\Desktop\platihan\simdesem\system\Commands\Server\rewrite.php(43): require_once('C:\\Users\\aji\\De...')
#14 {main}
